Using pre-set license
Built from '2020.3/release' branch; Version is '2020.3.1f1 (77a89f25062f) revision 7841951'; Using compiler version '192528614'; Build Type 'Release'
OS: 'Windows 10 Home; OS build 19042.928; Version 2009; 64bit' Language: 'en' Physical Memory: 16322 MB
BatchMode: 1, IsHumanControllingUs: 0, StartBugReporterOnCrash: 0, Is64bit: 1, IsPro: 0

 COMMAND LINE ARGUMENTS:
D:\SpelD\Unity\Editor\2020.3.1f1\Editor\Unity.exe
-adb2
-batchMode
-noUpm
-name
AssetImportWorker1
-projectPath
D:/SpelD/Unity/Projects/2DPlatformers/Alchemy Light
-logFile
Logs/AssetImportWorker1.log
-srvPort
56869
Successfully changed project path to: D:/SpelD/Unity/Projects/2DPlatformers/Alchemy Light
D:/SpelD/Unity/Projects/2DPlatformers/Alchemy Light
Using Asset Import Pipeline V2.
Refreshing native plugins compatible for Editor in 63.13 ms, found 1 plugins.
Preloading 0 native plugins for Editor in 0.00 ms.
Initialize engine version: 2020.3.1f1 (77a89f25062f)
[Subsystems] Discovering subsystems at path D:/SpelD/Unity/Editor/2020.3.1f1/Editor/Data/Resources/UnitySubsystems
[Subsystems] Discovering subsystems at path D:/SpelD/Unity/Projects/2DPlatformers/Alchemy Light/Assets
GfxDevice: creating device client; threaded=0
Direct3D:
    Version:  Direct3D 11.0 [level 11.1]
    Renderer: NVIDIA GeForce GTX 980M (ID=0x1617)
    Vendor:   
    VRAM:     4053 MB
    Driver:   27.21.14.6140
Shader 'Universal Render Pipeline/Particles/Lit': fallback shader 'Universal Render Pipeline/Particles/SimpleLit' not found
Initialize mono
Mono path[0] = 'D:/SpelD/Unity/Editor/2020.3.1f1/Editor/Data/Managed'
Mono path[1] = 'D:/SpelD/Unity/Editor/2020.3.1f1/Editor/Data/MonoBleedingEdge/lib/mono/unityjit'
Mono config path = 'D:/SpelD/Unity/Editor/2020.3.1f1/Editor/Data/MonoBleedingEdge/etc'
Using monoOptions --debugger-agent=transport=dt_socket,embedding=1,server=y,suspend=n,address=127.0.0.1:56312
Begin MonoManager ReloadAssembly
Registering precompiled unity dll's ...
Register platform support module: D:/SpelD/Unity/Editor/2020.3.1f1/Editor/Data/PlaybackEngines/WebGLSupport/UnityEditor.WebGL.Extensions.dll
Register platform support module: D:/SpelD/Unity/Editor/2020.3.1f1/Editor/Data/PlaybackEngines/WindowsStandaloneSupport/UnityEditor.WindowsStandalone.Extensions.dll
Registered in 0.001797 seconds.
Native extension for WindowsStandalone target not found
Native extension for WebGL target not found
Refreshing native plugins compatible for Editor in 60.02 ms, found 1 plugins.
Preloading 0 native plugins for Editor in 0.00 ms.
Invoked RoslynAnalysisRunner static constructor.
RoslynAnalysisRunner will not be running.
RoslynAnalysisRunner has terminated.
Mono: successfully reloaded assembly
- Completed reload, in  1.543 seconds
Platform modules already initialized, skipping
Registering precompiled user dll's ...
Registered in 0.002171 seconds.
Begin MonoManager ReloadAssembly
Native extension for WindowsStandalone target not found
Native extension for WebGL target not found
Refreshing native plugins compatible for Editor in 64.62 ms, found 1 plugins.
Preloading 0 native plugins for Editor in 0.00 ms.
Invoked RoslynAnalysisRunner static constructor.
RoslynAnalysisRunner will not be running.
RoslynAnalysisRunner has terminated.
Mono: successfully reloaded assembly
- Completed reload, in  1.405 seconds
Platform modules already initialized, skipping
========================================================================
Worker process is ready to serve import requests
Shader 'Universal Render Pipeline/Particles/Lit': fallback shader 'Universal Render Pipeline/Particles/SimpleLit' not found
Launched and connected shader compiler UnityShaderCompiler.exe after 0.16 seconds
Refreshing native plugins compatible for Editor in 0.62 ms, found 1 plugins.
Preloading 0 native plugins for Editor in 0.00 ms.
Unloading 2814 Unused Serialized files (Serialized files now loaded: 0)
System memory in use before: 124.8 MB.
System memory in use after: 125.0 MB.

Unloading 16 unused Assets to reduce memory usage. Loaded Objects now: 3257.
Total: 2.997300 ms (FindLiveObjects: 0.412200 ms CreateObjectMapping: 0.218200 ms MarkObjects: 2.210900 ms  DeleteObjects: 0.154500 ms)

========================================================================
Received Import Request.
  path: Assets/Sprites/StickCharacter.psb
  artifactKey: Guid(9444b704b6bba664295f91231c21e838) Importer(815301076,1909f56bfc062723c751e8b465ee728b)
Start importing Assets/Sprites/StickCharacter.psb using Guid(9444b704b6bba664295f91231c21e838) Importer(815301076,1909f56bfc062723c751e8b465ee728b)  -> (artifact id: 'a250778e44a562685f6ecdb89c6544e3') in 0.467141 seconds
  Import took 0.472748 seconds .

========================================================================
Received Import Request.
  Time since last request: 102.696160 seconds.
  path: Assets/Animations/Player/Player.controller
  artifactKey: Guid(c08686a97929b8c4cb3d34592e0f1111) Importer(815301076,1909f56bfc062723c751e8b465ee728b)
Start importing Assets/Animations/Player/Player.controller using Guid(c08686a97929b8c4cb3d34592e0f1111) Importer(815301076,1909f56bfc062723c751e8b465ee728b)  -> (artifact id: '7a3110228709924fa3d499943c1cb9af') in 0.029712 seconds
  Import took 0.034998 seconds .

========================================================================
Received Import Request.
  Time since last request: 447.926333 seconds.
  path: Assets/Sprites/StickCharacter 1.psb
  artifactKey: Guid(69b678b9a4ba31a40a03ac2eafbff6f4) Importer(815301076,1909f56bfc062723c751e8b465ee728b)
Start importing Assets/Sprites/StickCharacter 1.psb using Guid(69b678b9a4ba31a40a03ac2eafbff6f4) Importer(815301076,1909f56bfc062723c751e8b465ee728b)  -> (artifact id: '1c6905a46c0154fc7e105d6fa8a26699') in 0.087597 seconds
  Import took 0.094116 seconds .

========================================================================
Received Import Request.
  Time since last request: 431.656800 seconds.
  path: Assets/Sprites/StickCharacter.psb
  artifactKey: Guid(9444b704b6bba664295f91231c21e838) Importer(815301076,1909f56bfc062723c751e8b465ee728b)
Start importing Assets/Sprites/StickCharacter.psb using Guid(9444b704b6bba664295f91231c21e838) Importer(815301076,1909f56bfc062723c751e8b465ee728b)  -> (artifact id: '23845e1d9c900f24cf11cb669b400602') in 0.118163 seconds
  Import took 0.127608 seconds .

========================================================================
Received Import Request.
  Time since last request: 287.084894 seconds.
  path: Assets/Sprites/StickCharacter.psb
  artifactKey: Guid(9444b704b6bba664295f91231c21e838) Importer(815301076,1909f56bfc062723c751e8b465ee728b)
Start importing Assets/Sprites/StickCharacter.psb using Guid(9444b704b6bba664295f91231c21e838) Importer(815301076,1909f56bfc062723c751e8b465ee728b)  -> (artifact id: '4518e0918860eaf7f2fb639f3a216dd1') in 0.084091 seconds
  Import took 0.090408 seconds .

========================================================================
Received Import Request.
  Time since last request: 524.658082 seconds.
  path: Assets/Sprites/StickCharacter.psb
  artifactKey: Guid(9444b704b6bba664295f91231c21e838) Importer(815301076,1909f56bfc062723c751e8b465ee728b)
Start importing Assets/Sprites/StickCharacter.psb using Guid(9444b704b6bba664295f91231c21e838) Importer(815301076,1909f56bfc062723c751e8b465ee728b)  -> (artifact id: '73c8e21509bd474953df8773ae7f459e') in 0.102787 seconds
  Import took 0.111565 seconds .

========================================================================
Received Import Request.
  Time since last request: 169.808103 seconds.
  path: Assets/Sprites/StickCharacter.psb
  artifactKey: Guid(9444b704b6bba664295f91231c21e838) Importer(815301076,1909f56bfc062723c751e8b465ee728b)
Start importing Assets/Sprites/StickCharacter.psb using Guid(9444b704b6bba664295f91231c21e838) Importer(815301076,1909f56bfc062723c751e8b465ee728b)  -> (artifact id: '499bef5d040ba20e7f848687c5079d14') in 0.093261 seconds
  Import took 0.098701 seconds .

========================================================================
Received Import Request.
  Time since last request: 359.860228 seconds.
  path: Assets/Sprites/StickCharacter.psb
  artifactKey: Guid(9444b704b6bba664295f91231c21e838) Importer(815301076,1909f56bfc062723c751e8b465ee728b)
Start importing Assets/Sprites/StickCharacter.psb using Guid(9444b704b6bba664295f91231c21e838) Importer(815301076,1909f56bfc062723c751e8b465ee728b)  -> (artifact id: '75b0b1e4817ac5d2207f3439fa44949e') in 0.102185 seconds
  Import took 0.109503 seconds .

========================================================================
Received Import Request.
  Time since last request: 92.659084 seconds.
  path: Assets/Sprites/StickCharacter.psb
  artifactKey: Guid(9444b704b6bba664295f91231c21e838) Importer(815301076,1909f56bfc062723c751e8b465ee728b)
Start importing Assets/Sprites/StickCharacter.psb using Guid(9444b704b6bba664295f91231c21e838) Importer(815301076,1909f56bfc062723c751e8b465ee728b)  -> (artifact id: 'cb4be3cf57f6472bdbb6a984847c8aa1') in 0.130992 seconds
  Import took 0.137334 seconds .

========================================================================
Received Import Request.
  Time since last request: 176.726592 seconds.
  path: Assets/Sprites/StickCharacter.psb
  artifactKey: Guid(9444b704b6bba664295f91231c21e838) Importer(815301076,1909f56bfc062723c751e8b465ee728b)
Start importing Assets/Sprites/StickCharacter.psb using Guid(9444b704b6bba664295f91231c21e838) Importer(815301076,1909f56bfc062723c751e8b465ee728b)  -> (artifact id: '68ba94b2088bd9bd8d5e17f03f6247ec') in 0.085430 seconds
  Import took 0.091141 seconds .

========================================================================
Received Import Request.
  Time since last request: 51.738646 seconds.
  path: Assets/Sprites/StickCharacter.psb
  artifactKey: Guid(9444b704b6bba664295f91231c21e838) Importer(815301076,1909f56bfc062723c751e8b465ee728b)
Start importing Assets/Sprites/StickCharacter.psb using Guid(9444b704b6bba664295f91231c21e838) Importer(815301076,1909f56bfc062723c751e8b465ee728b)  -> (artifact id: '83650d8e660aa92903d158c7254545dc') in 0.091525 seconds
  Import took 0.097935 seconds .

AssetImportWorkerClient::OnTransportError - code=2 error=End of file
